MPASM  5.48                        BASICS.ASM   2-3-2013  4:26:15         PAGE  1


LOC  OBJECT CODE     LINE SOURCE TEXT
  VALUE

                      00001     list p=16f877
                      00002     #include <p16f877.inc>
                      00001         LIST
                      00002 
                      00003 ;==========================================================================
                      00004 ;  MPASM PIC16F877 processor include
                      00005 ; 
                      00006 ;  (c) Copyright 1999-2012 Microchip Technology, All rights reserved
                      00007 ;==========================================================================
                      00008 
                      00540         LIST
2007   3F72           00003     __CONFIG _CP_OFF & _WDT_OFF & _BODEN_ON & _PWRTE_ON & _HS_OSC & _WRT_ENABLE_ON & _CPD_OFF & _LVP_OFF
                      00004 
                      00005 ; Declare variables
                      00006     cblock 0x70
  00000070            00007         lcd_d1 ;Used for LCD_DELAY macro
  00000071            00008         lcd_d2 ;Used for DELAY_5MS subroutine
  00000072            00009         com ;For writing instruction to LCD
  00000073            00010         table_counter ;Used for displaying characters on LCD
  00000074            00011         dat ;For writing data to LCD
  00000075            00012         COUNTH ;Used for DELAY_500MS subroutine
  00000076            00013         COUNTM ;(see above)
  00000077            00014         COUNTL ;(see above)
                      00015     endc
                      00016 
                      00017 ; Declare constants for pin assignment (LCD on PORTD, see Lab 2 on Portal)
                      00018     #define     LCD_RS  PORTD,2
                      00019         #define LCD_E   PORTD,3
                      00020     #define KEYPAD_P PORTB,1
                      00021 
                      00022     ORG 0x0000
0000   2???           00023     goto MAIN_INIT
                      00024 
                      00025 ;***************************
                      00026 ;   Delay: 160ms
                      00027 ;***************************
                      00028 LCD_DELAY macro
                      00029     movlw 0xff
                      00030     movwf lcd_d1
                      00031     decfsz lcd_d1, f ; Decrement lcd_d1, if lcd_d1 = 0, then discard next instruction
                      00032     goto $-1
                      00033     endm
                      00034 
                      00035 ;***************************
                      00036 ;   Display Macro
                      00037 ;***************************
                      00038 DISPLAY macro MESSAGE
                      00039     local D_LOOP
                      00040     local D_END
                      00041     clrf table_counter
                      00042     clrw
                      00043 D_LOOP
                      00044     movf table_counter, W
MPASM  5.48                        BASICS.ASM   2-3-2013  4:26:15         PAGE  2


LOC  OBJECT CODE     LINE SOURCE TEXT
  VALUE

                      00045     call MESSAGE ;??
                      00046     xorlw B'00000000' ;used to change STATUS<Z>, if result is 0, then Z=1
                      00047     btfsc STATUS, Z ; if STATUS<Z> is 1, execute next inst. Else, discard next inst.
                      00048         goto D_END
                      00049     call WR_DATA ;??
                      00050     incf table_counter, F
                      00051     goto D_LOOP
                      00052 D_END
                      00053     endm
                      00054 
                      00055 ;***************************************
                      00056 ; Initialize LCD
                      00057 ;***************************************
0001                  00058 MAIN_INIT
0001   018B           00059     clrf INTCON ; No interrupt
0002   1683           00060     bsf STATUS, RP0
Message[302]: Register in operand not in bank 0.  Ensure that bank bits are correct.
0003   0185           00061     clrf TRISA
0004   30F2           00062     movlw b'11110010' ;Set required keypad inputs (PORTB is KEYPAD)
Message[302]: Register in operand not in bank 0.  Ensure that bank bits are correct.
0005   0086           00063     movwf TRISB
Message[302]: Register in operand not in bank 0.  Ensure that bank bits are correct.
0006   0187           00064     clrf TRISC ;All port C is output
Message[302]: Register in operand not in bank 0.  Ensure that bank bits are correct.
0007   0188           00065     clrf TRISD ;All port D is output (PORTD is LCD)
                      00066 
0008   1283           00067     bcf STATUS, RP0 ;Select bank 0
0009   0185           00068     clrf PORTA
000A   0186           00069     clrf PORTB
000B   0187           00070     clrf PORTC
000C   0188           00071     clrf PORTD
000D   2???           00072     call INITLCD
                      00073 
                      00074 ;*************************************
                      00075 ; Main Program
                      00076 ;*************************************
000E                  00077 MAIN
                      00078     DISPLAY WELCOME_MESSAGE
  0000                    M     local D_LOOP
  0000                    M     local D_END
000E   01F3               M     clrf table_counter
000F   0103               M     clrw
0010                      M D_LOOP
0010   0873               M     movf table_counter, W
0011   2???               M     call WELCOME_MESSAGE ;??
0012   3A00               M     xorlw B'00000000' ;used to change STATUS<Z>, if result is 0, then Z=1
0013   1903               M     btfsc STATUS, Z ; if STATUS<Z> is 1, execute next inst. Else, discard next inst.
0014   2???               M         goto D_END
0015   2???               M     call WR_DATA ;??
0016   0AF3               M     incf table_counter, F
0017   2???               M     goto D_LOOP
0018                      M D_END
                      00079 
MPASM  5.48                        BASICS.ASM   2-3-2013  4:26:15         PAGE  3


LOC  OBJECT CODE     LINE SOURCE TEXT
  VALUE

0018   2???           00080     call SWITCH_LINES
                      00081     DISPLAY INPUT_LINE_CHAR
  0000                    M     local D_LOOP
  0000                    M     local D_END
0019   01F3               M     clrf table_counter
001A   0103               M     clrw
001B                      M D_LOOP
001B   0873               M     movf table_counter, W
001C   2???               M     call INPUT_LINE_CHAR ;??
001D   3A00               M     xorlw B'00000000' ;used to change STATUS<Z>, if result is 0, then Z=1
001E   1903               M     btfsc STATUS, Z ; if STATUS<Z> is 1, execute next inst. Else, discard next inst.
001F   2???               M         goto D_END
0020   2???               M     call WR_DATA ;??
0021   0AF3               M     incf table_counter, F
0022   2???               M     goto D_LOOP
0023                      M D_END
                      00082 
0023                  00083 KEYPAD_POLLING
0023   1C86           00084     btfss KEYPAD_P ;Check if keypad is pressed
0024   2???           00085     goto $-1
0025   0E06           00086     swapf PORTB,W     ;Read PortB<7:4> into W<3:0>, because KEYPAD pins corresponds to RB4-7
0026   390F           00087     andlw 0x0F
                      00088 
0027   2???           00089     call KEYPAD_INPUT_CHARACTERS ;Convert keypad values to LCD display values
0028   2???           00090     call WR_DATA
0029   1886           00091     btfsc KEYPAD_P     ;Wait until key is released
002A   2???           00092     goto $-1
002B   2???           00093     goto KEYPAD_POLLING
                      00094 
                      00095 
002C   2???           00096     goto $
                      00097 
                      00098 ;***************************************
                      00099 ; Look up table
                      00100 ;***************************************
                      00101 
002D                  00102 WELCOME_MESSAGE
002D   0782           00103                 addwf   PCL,F
002E   344D 3461 3469 00104                 dt              "Main Menu", 0
       346E 3420 344D 
       3465 346E 3475 
       3400 
                      00105 
0038                  00106 INPUT_LINE_CHAR
0038   0782           00107                 addwf   PCL,F
0039   343E 3400      00108                 dt              ">",0
                      00109 
003B                  00110 KEYPAD_INPUT_CHARACTERS
003B   0782           00111         addwf   PCL,F
003C   3431 3432 3433 00112         dt      "123A456B789C*0#D"
       3441 3434 3435 
       3436 3442 3437 
       3438 3439 3443 
MPASM  5.48                        BASICS.ASM   2-3-2013  4:26:15         PAGE  4


LOC  OBJECT CODE     LINE SOURCE TEXT
  VALUE

       342A 3430 3423 
       3444 
                      00113 
                      00114 ;****************************************
                      00115 ; LCD Related Subroutines
                      00116 ;****************************************
004C                  00117 INITLCD
004C   1283           00118     bcf STATUS, RP0
004D   1588           00119     bsf LCD_E
004E   2???           00120     call DELAY_5MS
004F   2???           00121     call DELAY_5MS
0050   2???           00122     call DELAY_5MS
                      00123 
                      00124     ;Ensure 8-bit mode first (no way to immediately guarantee 4-bit mode)
                      00125         ; -> Send b'0011' 3 times
0051   3033           00126         movlw   b'00110011' ;Last two bits are don't cares
0052   2???           00127         call    WR_INST
0053   3032           00128         movlw   b'00110010'
0054   2???           00129         call    WR_INST
                      00130 
                      00131     ; 4 bits, 2 lines, 5x7 dots
0055   3028           00132         movlw   b'00101000'
0056   2???           00133         call    WR_INST
                      00134 
                      00135     ; display on/off
0057   300F           00136         movlw   b'00001111'
0058   2???           00137         call    WR_INST
                      00138 
                      00139         ; Entry mode
0059   3006           00140         movlw   b'00000110' ;??
005A   2???           00141         call    WR_INST
                      00142 
                      00143         ; Clear display
005B   3001           00144         movlw   b'00000001'
005C   2???           00145         call    WR_INST
005D   0008           00146         return
                      00147 
                      00148 ;************************************
                      00149 ; LCD CONTROL
                      00150 ;************************************
005E                  00151 CLEAR_LCD
005E   3001           00152         movlw   B'00000001'
005F   2???           00153         call    WR_INST
0060   0008           00154     return
                      00155 
0061                  00156 SWITCH_LINES
0061   30C0           00157     movlw       B'11000000'
0062   2???           00158         call    WR_INST
0063   0008           00159         return
                      00160 
                      00161 ;****************************************
                      00162 ; Write command to LCD - Input : W , output : -
                      00163 ; (Text P. 7-104)
MPASM  5.48                        BASICS.ASM   2-3-2013  4:26:15         PAGE  5


LOC  OBJECT CODE     LINE SOURCE TEXT
  VALUE

                      00164 ;****************************************
0064                  00165 WR_INST
0064   1108           00166     bcf LCD_RS
0065   00F2           00167     movwf com
0066   39F0           00168     andlw 0xf0
0067   0088           00169     movwf PORTD
0068   1588           00170     bsf LCD_E
0069   2???           00171     call DELAY_5MS
006A   1188           00172     bcf LCD_E
006B   0E72           00173     swapf com, W
006C   39F0           00174     andlw 0xf0
006D   0088           00175     movwf PORTD
006E   1588           00176     bsf LCD_E
006F   2???           00177     call DELAY_5MS
0070   1188           00178     bcf LCD_E
0071   2???           00179     call DELAY_5MS
0072   0008           00180     return
                      00181 
                      00182 ;****************************************
                      00183 ; Write data to LCD - Input : W , output : -
                      00184 ;****************************************
0073                  00185 WR_DATA
0073   1508           00186     bsf LCD_RS ;Exactly the same as bsf PORTD, 2. RS - Register selected
0074   00F4           00187     movwf dat ;Creates a copy of W into dat
                      00188     ;movf dat, W ;?? Not sure why this line is needed, works without it
0075   39F0           00189     andlw 0xf0 ;??
0076   3E04           00190     addlw 4 ;?? Set RD2 to 1, and RD2 is RS. When RS is 1, you can write data to LCD, when RS is 0, you 
                            can write command it LCD
0077   0088           00191     movwf PORTD
0078   1588           00192     bsf LCD_E
0079   2???           00193     call DELAY_5MS
007A   0E74           00194     swapf dat,W ;Swaps the lower half and upper half of dat and store in W
007B   39F0           00195         andlw 0xF0
007C   3E04           00196         addlw 4
007D   0088           00197         movwf PORTD
007E   1588           00198         bsf LCD_E
007F   2???           00199         call DELAY_5MS
0080   1188           00200         bcf LCD_E
0081   0008           00201         return
                      00202 
0082                  00203 DELAY_5MS ;~5ms
0082   3014           00204     movlw d'20' ;20 seems to be arbitrary chosen. Less than 20 doesn't seem to work
0083   00F1           00205     movwf lcd_d2
0084                  00206 DELAY_5MS_LOOP
                      00207     LCD_DELAY
0084   30FF               M     movlw 0xff
0085   00F0               M     movwf lcd_d1
0086   0BF0               M     decfsz lcd_d1, f ; Decrement lcd_d1, if lcd_d1 = 0, then discard next instruction
0087   2???               M     goto $-1
0088   0BF1           00208     decfsz lcd_d2,f ;Calls LCD_DELAY 20 times
0089   2???           00209     goto DELAY_5MS_LOOP
008A   0008           00210     return
                      00211 
MPASM  5.48                        BASICS.ASM   2-3-2013  4:26:15         PAGE  6


LOC  OBJECT CODE     LINE SOURCE TEXT
  VALUE

                      00212 ;***************************************
                      00213 ; Delay 0.5s
                      00214 ;***************************************
008B                  00215 DELAY_500MS
  0000                00216         local DELAY_500MS_0
008B   3088           00217     movlw 0x88
008C   00F5           00218     movwf COUNTH
008D   30BD           00219     movlw 0xBD
008E   00F6           00220     movwf COUNTM
008F   3003           00221     movlw 0x03
0090   00F7           00222     movwf COUNTL
0091                  00223 DELAY_500MS_0
0091   0BF5           00224     decfsz COUNTH, f
0092   2???           00225     goto   $+2
0093   0BF6           00226     decfsz COUNTM, f
0094   2???           00227     goto   $+2
0095   0BF7           00228     decfsz COUNTL, f
0096   2???           00229     goto   DELAY_500MS_0
0097   2???           00230     goto $+1
0098   0000           00231     nop
0099   0000           00232     nop
009A   0008           00233     return
                      00234 
3F72                  00235         END
MPASM  5.48                        BASICS.ASM   2-3-2013  4:26:15         PAGE  7


SYMBOL TABLE
  LABEL                             VALUE 

ACKDT                             00000005
ACKEN                             00000004
ACKSTAT                           00000006
ADCON0                            0000001F
ADCON1                            0000009F
ADCS0                             00000006
ADCS1                             00000007
ADDEN                             00000003
ADFM                              00000007
ADIE                              00000006
ADIF                              00000006
ADON                              00000000
ADRESH                            0000001E
ADRESL                            0000009E
BCLIE                             00000003
BCLIF                             00000003
BF                                00000000
BRGH                              00000002
C                                 00000000
CCP1CON                           00000017
CCP1IE                            00000002
CCP1IF                            00000002
CCP1M0                            00000000
CCP1M1                            00000001
CCP1M2                            00000002
CCP1M3                            00000003
CCP1X                             00000005
CCP1Y                             00000004
CCP2CON                           0000001D
CCP2IE                            00000000
CCP2IF                            00000000
CCP2M0                            00000000
CCP2M1                            00000001
CCP2M2                            00000002
CCP2M3                            00000003
CCP2X                             00000005
CCP2Y                             00000004
CCPR1                             00000015
CCPR1H                            00000016
CCPR1L                            00000015
CCPR2                             0000001B
CCPR2H                            0000001C
CCPR2L                            0000001B
CHS0                              00000003
CHS1                              00000004
CHS2                              00000005
CKE                               00000006
CKP                               00000004
CLEAR_LCD                         0000005E
COUNTH                            00000075
COUNTL                            00000077
COUNTM                            00000076
CREN                              00000004
MPASM  5.48                        BASICS.ASM   2-3-2013  4:26:15         PAGE  8


SYMBOL TABLE
  LABEL                             VALUE 

CSRC                              00000007
D                                 00000005
DATA_ADDRESS                      00000005
DC                                00000001
DELAY_500MS                       0000008B
DELAY_5MS                         00000082
DELAY_5MS_LOOP                    00000084
DISPLAY                           
D_A                               00000005
D_NOT_A                           00000005
EEADR                             0000010D
EEADRH                            0000010F
EECON1                            0000018C
EECON2                            0000018D
EEDATA                            0000010C
EEDATH                            0000010E
EEIE                              00000004
EEIF                              00000004
EEPGD                             00000007
F                                 00000001
FERR                              00000002
FSR                               00000004
GCEN                              00000007
GIE                               00000007
GO                                00000002
GO_DONE                           00000002
GO_NOT_DONE                       00000002
I2C_DATA                          00000005
I2C_READ                          00000002
I2C_START                         00000003
I2C_STOP                          00000004
IBF                               00000007
IBOV                              00000005
INDF                              00000000
INITLCD                           0000004C
INPUT_LINE_CHAR                   00000038
INTCON                            0000000B
INTE                              00000004
INTEDG                            00000006
INTF                              00000001
IRP                               00000007
KEYPAD_INPUT_CHARACTERS           0000003B
KEYPAD_P                          PORTB,1
KEYPAD_POLLING                    00000023
LCD_DELAY                         
LCD_E                             PORTD,3
LCD_RS                            PORTD,2
MAIN                              0000000E
MAIN_INIT                         00000001
NOT_A                             00000005
NOT_ADDRESS                       00000005
NOT_BO                            00000000
NOT_BOR                           00000000
MPASM  5.48                        BASICS.ASM   2-3-2013  4:26:15         PAGE  9


SYMBOL TABLE
  LABEL                             VALUE 

NOT_DONE                          00000002
NOT_PD                            00000003
NOT_POR                           00000001
NOT_RBPU                          00000007
NOT_RC8                           00000006
NOT_T1SYNC                        00000002
NOT_TO                            00000004
NOT_TX8                           00000006
NOT_W                             00000002
NOT_WRITE                         00000002
OBF                               00000006
OERR                              00000001
OPTION_REG                        00000081
P                                 00000004
PCFG0                             00000000
PCFG1                             00000001
PCFG2                             00000002
PCFG3                             00000003
PCL                               00000002
PCLATH                            0000000A
PCON                              0000008E
PEIE                              00000006
PEN                               00000002
PIE1                              0000008C
PIE2                              0000008D
PIR1                              0000000C
PIR2                              0000000D
PORTA                             00000005
PORTB                             00000006
PORTC                             00000007
PORTD                             00000008
PORTE                             00000009
PR2                               00000092
PS0                               00000000
PS1                               00000001
PS2                               00000002
PSA                               00000003
PSPIE                             00000007
PSPIF                             00000007
PSPMODE                           00000004
R                                 00000002
RA0                               00000000
RA1                               00000001
RA2                               00000002
RA3                               00000003
RA4                               00000004
RA5                               00000005
RB0                               00000000
RB1                               00000001
RB2                               00000002
RB3                               00000003
RB4                               00000004
RB5                               00000005
MPASM  5.48                        BASICS.ASM   2-3-2013  4:26:15         PAGE 10


SYMBOL TABLE
  LABEL                             VALUE 

RB6                               00000006
RB7                               00000007
RBIE                              00000003
RBIF                              00000000
RC0                               00000000
RC1                               00000001
RC2                               00000002
RC3                               00000003
RC4                               00000004
RC5                               00000005
RC6                               00000006
RC7                               00000007
RC8_9                             00000006
RC9                               00000006
RCD8                              00000000
RCEN                              00000003
RCIE                              00000005
RCIF                              00000005
RCREG                             0000001A
RCSTA                             00000018
RD                                00000000
RD0                               00000000
RD1                               00000001
RD2                               00000002
RD3                               00000003
RD4                               00000004
RD5                               00000005
RD6                               00000006
RD7                               00000007
RE0                               00000000
RE1                               00000001
RE2                               00000002
READ_WRITE                        00000002
RP0                               00000005
RP1                               00000006
RSEN                              00000001
RX9                               00000006
RX9D                              00000000
R_NOT_W                           00000002
R_W                               00000002
S                                 00000003
SEN                               00000000
SMP                               00000007
SPBRG                             00000099
SPEN                              00000007
SREN                              00000005
SSPADD                            00000093
SSPBUF                            00000013
SSPCON                            00000014
SSPCON2                           00000091
SSPEN                             00000005
SSPIE                             00000003
SSPIF                             00000003
MPASM  5.48                        BASICS.ASM   2-3-2013  4:26:15         PAGE 11


SYMBOL TABLE
  LABEL                             VALUE 

SSPM0                             00000000
SSPM1                             00000001
SSPM2                             00000002
SSPM3                             00000003
SSPOV                             00000006
SSPSTAT                           00000094
STATUS                            00000003
SWITCH_LINES                      00000061
SYNC                              00000004
T0CS                              00000005
T0IE                              00000005
T0IF                              00000002
T0SE                              00000004
T1CKPS0                           00000004
T1CKPS1                           00000005
T1CON                             00000010
T1INSYNC                          00000002
T1OSCEN                           00000003
T1SYNC                            00000002
T2CKPS0                           00000000
T2CKPS1                           00000001
T2CON                             00000012
TMR0                              00000001
TMR0IE                            00000005
TMR0IF                            00000002
TMR1                              0000000E
TMR1CS                            00000001
TMR1H                             0000000F
TMR1IE                            00000000
TMR1IF                            00000000
TMR1L                             0000000E
TMR1ON                            00000000
TMR2                              00000011
TMR2IE                            00000001
TMR2IF                            00000001
TMR2ON                            00000002
TOUTPS0                           00000003
TOUTPS1                           00000004
TOUTPS2                           00000005
TOUTPS3                           00000006
TRISA                             00000085
TRISA0                            00000000
TRISA1                            00000001
TRISA2                            00000002
TRISA3                            00000003
TRISA4                            00000004
TRISA5                            00000005
TRISB                             00000086
TRISB0                            00000000
TRISB1                            00000001
TRISB2                            00000002
TRISB3                            00000003
TRISB4                            00000004
MPASM  5.48                        BASICS.ASM   2-3-2013  4:26:15         PAGE 12


SYMBOL TABLE
  LABEL                             VALUE 

TRISB5                            00000005
TRISB6                            00000006
TRISB7                            00000007
TRISC                             00000087
TRISC0                            00000000
TRISC1                            00000001
TRISC2                            00000002
TRISC3                            00000003
TRISC4                            00000004
TRISC5                            00000005
TRISC6                            00000006
TRISC7                            00000007
TRISD                             00000088
TRISD0                            00000000
TRISD1                            00000001
TRISD2                            00000002
TRISD3                            00000003
TRISD4                            00000004
TRISD5                            00000005
TRISD6                            00000006
TRISD7                            00000007
TRISE                             00000089
TRISE0                            00000000
TRISE1                            00000001
TRISE2                            00000002
TRMT                              00000001
TX8_9                             00000006
TX9                               00000006
TX9D                              00000000
TXD8                              00000000
TXEN                              00000005
TXIE                              00000004
TXIF                              00000004
TXREG                             00000019
TXSTA                             00000098
UA                                00000001
W                                 00000000
WCOL                              00000007
WELCOME_MESSAGE                   0000002D
WR                                00000001
WREN                              00000002
WRERR                             00000003
WR_DATA                           00000073
WR_INST                           00000064
Z                                 00000002
_.org_0_0024                      00000024
_.org_0_002A                      0000002A
_.org_0_002C                      0000002C
_.org_0_0087                      00000087
_.org_0_0092                      00000092
_.org_0_0094                      00000094
_.org_0_0097                      00000097
_BODEN_OFF                        00003FBF
MPASM  5.48                        BASICS.ASM   2-3-2013  4:26:15         PAGE 13


SYMBOL TABLE
  LABEL                             VALUE 

_BODEN_ON                         00003FFF
_BOREN_OFF                        00003FBF
_BOREN_ON                         00003FFF
_CONFIG                           00002007
_CPD_OFF                          00003FFF
_CPD_ON                           00003EFF
_CP_ALL                           00000FCF
_CP_HALF                          00001FDF
_CP_OFF                           00003FFF
_CP_UPPER_256                     00002FEF
_DEBUG_OFF                        00003FFF
_DEBUG_ON                         000037FF
_DEVID1                           00002006
_FOSC_EXTRC                       00003FFF
_FOSC_HS                          00003FFE
_FOSC_LP                          00003FFC
_FOSC_XT                          00003FFD
_HS_OSC                           00003FFE
_IDLOC0                           00002000
_IDLOC1                           00002001
_IDLOC2                           00002002
_IDLOC3                           00002003
_LP_OSC                           00003FFC
_LVP_OFF                          00003F7F
_LVP_ON                           00003FFF
_PWRTE_OFF                        00003FFF
_PWRTE_ON                         00003FF7
_RC_OSC                           00003FFF
_WDTE_OFF                         00003FFB
_WDTE_ON                          00003FFF
_WDT_OFF                          00003FFB
_WDT_ON                           00003FFF
_WRT_ENABLE_OFF                   00003DFF
_WRT_ENABLE_ON                    00003FFF
_WRT_OFF                          00003DFF
_WRT_ON                           00003FFF
_XT_OSC                           00003FFD
__16F877                          00000001
com                               00000072
dat                               00000074
lcd_d1                            00000070
lcd_d2                            00000071
table_counter                     00000073

Errors   :     0
Warnings :     0 reported,     0 suppressed
Messages :     4 reported,     0 suppressed

