MPASM  5.48               LCD_ALTERNATIVE.ASM   2-2-2013  15:36:11         PAGE  1


LOC  OBJECT CODE     LINE SOURCE TEXT
  VALUE

                      00001     list p=16f877
                      00002     #include "p16f877.inc"
                      00001         LIST
                      00002 
                      00003 ;==========================================================================
                      00004 ;  MPASM PIC16F877 processor include
                      00005 ; 
                      00006 ;  (c) Copyright 1999-2012 Microchip Technology, All rights reserved
                      00007 ;==========================================================================
                      00008 
                      00540         LIST
2007   3F72           00003     __CONFIG _CP_OFF & _WDT_OFF & _BODEN_ON & _PWRTE_ON & _HS_OSC & _WRT_ENABLE_ON & _CPD_OFF & _LVP_OFF
                      00004 
                      00005 
                      00006     cblock 0x20 ;Allocate space for variables
  00000020            00007         temp_w
  00000021            00008         temp_status
                      00009     endc
                      00010 
                      00011     org 0x0000  ;Program starts at address zero
0000   2???           00012     goto MAIN
                      00013 
                      00014     org 0x0004
0004   00A0           00015     movwf temp_w    ;(W) -> (temp_w), store w/e is inside W into temp_w
0005   0803           00016     movf STATUS, W  ;move STATUS into W
0006   00A1           00017     movwf temp_status ;store STATUS register into temp_status
                      00018 
                      00019 ;***************************************************
                      00020 ;   btfsc INTCON, INTF ---> If INTCON<INTF> is 1, then execute next instruction.
                      00021 ;                         Else, discard next instruction and execute NOP.
                      00022 ;   bcf INTCON, INTF ---> Set INTCON<INTF> to 0
                      00023 ;   INTCON is a special register, use for RB0/INT (pin 33) interrupt
                      00024 ;   INTF is the "flag bit" of INTCON, is set to 1 when interrupt in RB0/INT occurs
                      00025 ;***************************************************
0007   188B           00026     btfsc INTCON, INTF
0008   2???           00027     call ISR_Lit
0009   108B           00028     bcf INTCON, INTF
                      00029 
                      00030 ;Reset previously stored registers
000A   0821           00031     movf temp_status, W
000B   0083           00032     movwf STATUS
000C   0820           00033     movf temp_w, W
000D   0009           00034     retfie  ;return from interrupt
                      00035 
000E                  00036 MAIN
000E   2???           00037     call init
000F   2???           00038     call ISR_init
0010   2???           00039     call ADinit
0011   2???           00040     goto $
                      00041 
0012                  00042 ADinit
0012   1683           00043     bsf STATUS, RP0 ;SET STATUS<RP0> to 1, select bank1
0013   3007           00044     movlw 0x07 ;Set RE2-0 and RA5-0 to digital input (Datasheet P.114)
MPASM  5.48               LCD_ALTERNATIVE.ASM   2-2-2013  15:36:11         PAGE  2


LOC  OBJECT CODE     LINE SOURCE TEXT
  VALUE

Message[302]: Register in operand not in bank 0.  Ensure that bank bits are correct.
0014   009F           00045     movwf ADCON1 ;ADCON1 is used for analog vs. digital input configuration
0015   1283           00046     bcf STATUS, RP0 ;select bank0 again
0016   0008           00047     return
                      00048 
0017                  00049 init
0017   1683           00050     bsf STATUS, RP0
Message[302]: Register in operand not in bank 0.  Ensure that bank bits are correct.
0018   0188           00051     clrf TRISD ;Write 0x00 to TRISD
Message[302]: Register in operand not in bank 0.  Ensure that bank bits are correct.
0019   0185           00052     clrf TRISA
001A   3001           00053     movlw   b'00000001'
Message[302]: Register in operand not in bank 0.  Ensure that bank bits are correct.
001B   0086           00054         movwf   TRISB
Message[302]: Register in operand not in bank 0.  Ensure that bank bits are correct.
001C   0187           00055         clrf    TRISC
001D   3001           00056         movlw   b'00000001'
Message[302]: Register in operand not in bank 0.  Ensure that bank bits are correct.
001E   0089           00057         movwf   TRISE
                      00058 
001F   1283           00059     bcf         STATUS,RP0      ;bank0
0020   0185           00060         clrf    PORTA           ;clear all ports
0021   0186           00061         clrf    PORTB
0022   0187           00062         clrf    PORTC
0023   0188           00063         clrf    PORTD
0024   0189           00064         clrf    PORTE
0025   0008           00065     return
                      00066 
0026                  00067 ISR_init
0026   1283           00068         bcf     STATUS,RP0
0027   108B           00069         bcf     INTCON,INTF
0028   178B           00070         bsf     INTCON,GIE ; Enable interrupt globally
0029   160B           00071         bsf             INTCON,INTE ; Enable RB0/INT interrupt
002A   0008           00072         return
                      00073 
002B                  00074 ISR_Lit
                      00075 
002B   2???           00076         call clear_LED
002C   1809           00077         btfsc PORTE,0           ;if PORTE 0 selected
002D   2???           00078         goto _Show1                     ;goto pattern 1
002E   2???           00079         call Pattern_ZERO       ;else display pattern 0
002F   0008           00080         return
                      00081 
0030                  00082 _Show1
0030   2???           00083         call Pattern_ONE        ;display pattern 1
0031   0008           00084     return
                      00085 ;;;;;;;;;;;;;;;;;;;;;;;;;;;;;;;;;;;;;;;;;;;;;;;;;;;;;;;;;;;;;;;;;
                      00086 
0032                  00087 Pattern_ONE
0032   3024           00088         movlw b'00100100'
0033   0086           00089         movwf PORTB
0034   307C           00090         movlw b'01111100'
0035   0087           00091         movwf PORTC
MPASM  5.48               LCD_ALTERNATIVE.ASM   2-2-2013  15:36:11         PAGE  3


LOC  OBJECT CODE     LINE SOURCE TEXT
  VALUE

0036   1508           00092         bsf PORTD,2
0037   0008           00093     return
                      00094 
0038                  00095 Pattern_ZERO
                      00096 
0038   307C           00097         movlw b'01111100'
0039   0086           00098         movwf PORTB
003A   3044           00099         movlw b'01000100'
003B   0087           00100         movwf PORTC
003C   307C           00101         movlw b'01111100'
003D   0088           00102         movwf PORTD
003E   0008           00103     return
                      00104 
003F                  00105 clear_LED
003F   0186           00106         clrf PORTB
0040   0187           00107         clrf PORTC
0041   0188           00108         clrf PORTD
0042   0008           00109     return
                      00110 
Warning[205]: Found directive in column 1. (END)
3F72                  00111 END
MPASM  5.48               LCD_ALTERNATIVE.ASM   2-2-2013  15:36:11         PAGE  4


SYMBOL TABLE
  LABEL                             VALUE 

ACKDT                             00000005
ACKEN                             00000004
ACKSTAT                           00000006
ADCON0                            0000001F
ADCON1                            0000009F
ADCS0                             00000006
ADCS1                             00000007
ADDEN                             00000003
ADFM                              00000007
ADIE                              00000006
ADIF                              00000006
ADON                              00000000
ADRESH                            0000001E
ADRESL                            0000009E
ADinit                            00000012
BCLIE                             00000003
BCLIF                             00000003
BF                                00000000
BRGH                              00000002
C                                 00000000
CCP1CON                           00000017
CCP1IE                            00000002
CCP1IF                            00000002
CCP1M0                            00000000
CCP1M1                            00000001
CCP1M2                            00000002
CCP1M3                            00000003
CCP1X                             00000005
CCP1Y                             00000004
CCP2CON                           0000001D
CCP2IE                            00000000
CCP2IF                            00000000
CCP2M0                            00000000
CCP2M1                            00000001
CCP2M2                            00000002
CCP2M3                            00000003
CCP2X                             00000005
CCP2Y                             00000004
CCPR1                             00000015
CCPR1H                            00000016
CCPR1L                            00000015
CCPR2                             0000001B
CCPR2H                            0000001C
CCPR2L                            0000001B
CHS0                              00000003
CHS1                              00000004
CHS2                              00000005
CKE                               00000006
CKP                               00000004
CREN                              00000004
CSRC                              00000007
D                                 00000005
DATA_ADDRESS                      00000005
MPASM  5.48               LCD_ALTERNATIVE.ASM   2-2-2013  15:36:11         PAGE  5


SYMBOL TABLE
  LABEL                             VALUE 

DC                                00000001
D_A                               00000005
D_NOT_A                           00000005
EEADR                             0000010D
EEADRH                            0000010F
EECON1                            0000018C
EECON2                            0000018D
EEDATA                            0000010C
EEDATH                            0000010E
EEIE                              00000004
EEIF                              00000004
EEPGD                             00000007
F                                 00000001
FERR                              00000002
FSR                               00000004
GCEN                              00000007
GIE                               00000007
GO                                00000002
GO_DONE                           00000002
GO_NOT_DONE                       00000002
I2C_DATA                          00000005
I2C_READ                          00000002
I2C_START                         00000003
I2C_STOP                          00000004
IBF                               00000007
IBOV                              00000005
INDF                              00000000
INTCON                            0000000B
INTE                              00000004
INTEDG                            00000006
INTF                              00000001
IRP                               00000007
ISR_Lit                           0000002B
ISR_init                          00000026
MAIN                              0000000E
NOT_A                             00000005
NOT_ADDRESS                       00000005
NOT_BO                            00000000
NOT_BOR                           00000000
NOT_DONE                          00000002
NOT_PD                            00000003
NOT_POR                           00000001
NOT_RBPU                          00000007
NOT_RC8                           00000006
NOT_T1SYNC                        00000002
NOT_TO                            00000004
NOT_TX8                           00000006
NOT_W                             00000002
NOT_WRITE                         00000002
OBF                               00000006
OERR                              00000001
OPTION_REG                        00000081
P                                 00000004
MPASM  5.48               LCD_ALTERNATIVE.ASM   2-2-2013  15:36:11         PAGE  6


SYMBOL TABLE
  LABEL                             VALUE 

PCFG0                             00000000
PCFG1                             00000001
PCFG2                             00000002
PCFG3                             00000003
PCL                               00000002
PCLATH                            0000000A
PCON                              0000008E
PEIE                              00000006
PEN                               00000002
PIE1                              0000008C
PIE2                              0000008D
PIR1                              0000000C
PIR2                              0000000D
PORTA                             00000005
PORTB                             00000006
PORTC                             00000007
PORTD                             00000008
PORTE                             00000009
PR2                               00000092
PS0                               00000000
PS1                               00000001
PS2                               00000002
PSA                               00000003
PSPIE                             00000007
PSPIF                             00000007
PSPMODE                           00000004
Pattern_ONE                       00000032
Pattern_ZERO                      00000038
R                                 00000002
RA0                               00000000
RA1                               00000001
RA2                               00000002
RA3                               00000003
RA4                               00000004
RA5                               00000005
RB0                               00000000
RB1                               00000001
RB2                               00000002
RB3                               00000003
RB4                               00000004
RB5                               00000005
RB6                               00000006
RB7                               00000007
RBIE                              00000003
RBIF                              00000000
RC0                               00000000
RC1                               00000001
RC2                               00000002
RC3                               00000003
RC4                               00000004
RC5                               00000005
RC6                               00000006
RC7                               00000007
MPASM  5.48               LCD_ALTERNATIVE.ASM   2-2-2013  15:36:11         PAGE  7


SYMBOL TABLE
  LABEL                             VALUE 

RC8_9                             00000006
RC9                               00000006
RCD8                              00000000
RCEN                              00000003
RCIE                              00000005
RCIF                              00000005
RCREG                             0000001A
RCSTA                             00000018
RD                                00000000
RD0                               00000000
RD1                               00000001
RD2                               00000002
RD3                               00000003
RD4                               00000004
RD5                               00000005
RD6                               00000006
RD7                               00000007
RE0                               00000000
RE1                               00000001
RE2                               00000002
READ_WRITE                        00000002
RP0                               00000005
RP1                               00000006
RSEN                              00000001
RX9                               00000006
RX9D                              00000000
R_NOT_W                           00000002
R_W                               00000002
S                                 00000003
SEN                               00000000
SMP                               00000007
SPBRG                             00000099
SPEN                              00000007
SREN                              00000005
SSPADD                            00000093
SSPBUF                            00000013
SSPCON                            00000014
SSPCON2                           00000091
SSPEN                             00000005
SSPIE                             00000003
SSPIF                             00000003
SSPM0                             00000000
SSPM1                             00000001
SSPM2                             00000002
SSPM3                             00000003
SSPOV                             00000006
SSPSTAT                           00000094
STATUS                            00000003
SYNC                              00000004
T0CS                              00000005
T0IE                              00000005
T0IF                              00000002
T0SE                              00000004
MPASM  5.48               LCD_ALTERNATIVE.ASM   2-2-2013  15:36:11         PAGE  8


SYMBOL TABLE
  LABEL                             VALUE 

T1CKPS0                           00000004
T1CKPS1                           00000005
T1CON                             00000010
T1INSYNC                          00000002
T1OSCEN                           00000003
T1SYNC                            00000002
T2CKPS0                           00000000
T2CKPS1                           00000001
T2CON                             00000012
TMR0                              00000001
TMR0IE                            00000005
TMR0IF                            00000002
TMR1                              0000000E
TMR1CS                            00000001
TMR1H                             0000000F
TMR1IE                            00000000
TMR1IF                            00000000
TMR1L                             0000000E
TMR1ON                            00000000
TMR2                              00000011
TMR2IE                            00000001
TMR2IF                            00000001
TMR2ON                            00000002
TOUTPS0                           00000003
TOUTPS1                           00000004
TOUTPS2                           00000005
TOUTPS3                           00000006
TRISA                             00000085
TRISA0                            00000000
TRISA1                            00000001
TRISA2                            00000002
TRISA3                            00000003
TRISA4                            00000004
TRISA5                            00000005
TRISB                             00000086
TRISB0                            00000000
TRISB1                            00000001
TRISB2                            00000002
TRISB3                            00000003
TRISB4                            00000004
TRISB5                            00000005
TRISB6                            00000006
TRISB7                            00000007
TRISC                             00000087
TRISC0                            00000000
TRISC1                            00000001
TRISC2                            00000002
TRISC3                            00000003
TRISC4                            00000004
TRISC5                            00000005
TRISC6                            00000006
TRISC7                            00000007
TRISD                             00000088
MPASM  5.48               LCD_ALTERNATIVE.ASM   2-2-2013  15:36:11         PAGE  9


SYMBOL TABLE
  LABEL                             VALUE 

TRISD0                            00000000
TRISD1                            00000001
TRISD2                            00000002
TRISD3                            00000003
TRISD4                            00000004
TRISD5                            00000005
TRISD6                            00000006
TRISD7                            00000007
TRISE                             00000089
TRISE0                            00000000
TRISE1                            00000001
TRISE2                            00000002
TRMT                              00000001
TX8_9                             00000006
TX9                               00000006
TX9D                              00000000
TXD8                              00000000
TXEN                              00000005
TXIE                              00000004
TXIF                              00000004
TXREG                             00000019
TXSTA                             00000098
UA                                00000001
W                                 00000000
WCOL                              00000007
WR                                00000001
WREN                              00000002
WRERR                             00000003
Z                                 00000002
_.org_1_0011                      00000011
_BODEN_OFF                        00003FBF
_BODEN_ON                         00003FFF
_BOREN_OFF                        00003FBF
_BOREN_ON                         00003FFF
_CONFIG                           00002007
_CPD_OFF                          00003FFF
_CPD_ON                           00003EFF
_CP_ALL                           00000FCF
_CP_HALF                          00001FDF
_CP_OFF                           00003FFF
_CP_UPPER_256                     00002FEF
_DEBUG_OFF                        00003FFF
_DEBUG_ON                         000037FF
_DEVID1                           00002006
_FOSC_EXTRC                       00003FFF
_FOSC_HS                          00003FFE
_FOSC_LP                          00003FFC
_FOSC_XT                          00003FFD
_HS_OSC                           00003FFE
_IDLOC0                           00002000
_IDLOC1                           00002001
_IDLOC2                           00002002
_IDLOC3                           00002003
MPASM  5.48               LCD_ALTERNATIVE.ASM   2-2-2013  15:36:11         PAGE 10


SYMBOL TABLE
  LABEL                             VALUE 

_LP_OSC                           00003FFC
_LVP_OFF                          00003F7F
_LVP_ON                           00003FFF
_PWRTE_OFF                        00003FFF
_PWRTE_ON                         00003FF7
_RC_OSC                           00003FFF
_Show1                            00000030
_WDTE_OFF                         00003FFB
_WDTE_ON                          00003FFF
_WDT_OFF                          00003FFB
_WDT_ON                           00003FFF
_WRT_ENABLE_OFF                   00003DFF
_WRT_ENABLE_ON                    00003FFF
_WRT_OFF                          00003DFF
_WRT_ON                           00003FFF
_XT_OSC                           00003FFD
__16F877                          00000001
clear_LED                         0000003F
init                              00000017
temp_status                       00000021
temp_w                            00000020

Errors   :     0
Warnings :     1 reported,     0 suppressed
Messages :     6 reported,     0 suppressed

